Loading net-file from 'configs/simple_intersection.net.xml' ... done (0ms).
Loading additional-files from 'configs/trafficlight.tll.xml' ... done (0ms).
Loading done.
Simulation version 1.20.0 started with time: 0.00.
Simulation ended at time: 10800.00
Reason: The final simulation step has been reached.
Performance: 
 Duration: 0.70s
 Real time factor: 15384.6
 UPS: 950809.116809
Vehicles: 
 Inserted: 4353 (Loaded: 5780)
 Running: 54
 Waiting: 1356
Statistics (avg of 4299):
 RouteLength: 394.90
 Speed: 9.31
 Duration: 150.57
 WaitingTime: 98.13
 TimeLoss: 117.45
 DepartDelay: 496.02

